{
  "stats": {
    "suites": 1,
    "tests": 1,
    "passes": 1,
    "pending": 0,
    "failures": 0,
    "start": "2026-04-17T18:36:12.580Z",
    "end": "2026-04-17T18:36:13.971Z",
    "duration": 1391,
    "testsRegistered": 1,
    "passPercent": 100,
    "pendingPercent": 0,
    "other": 0,
    "hasOther": false,
    "skipped": 0,
    "hasSkipped": false
  },
  "results": [
    {
      "uuid": "e09bb807-42a7-49f3-97cf-ace0156f8913",
      "title": "",
      "fullFile": "cypress\\e2e\\api\\login.cy.js",
      "file": "cypress\\e2e\\api\\login.cy.js",
      "beforeHooks": [],
      "afterHooks": [],
      "tests": [],
      "suites": [
        {
          "uuid": "c42aebb4-0469-493c-9e5a-dbb79e8cd99c",
          "title": "Login API - Backend",
          "fullFile": "",
          "file": "",
          "beforeHooks": [],
          "afterHooks": [],
          "tests": [
            {
              "title": "Should login successfully via API",
              "fullTitle": "Login API - Backend Should login successfully via API",
              "timedOut": null,
              "duration": 1365,
              "state": "passed",
              "speed": "fast",
              "pass": true,
              "fail": false,
              "pending": false,
              "context": null,
              "code": "_apiWrapper.default.setEnvironment(environment);\nconst user = _apiWrapper.default.getRootUser();\nconst apiUrl = _apiWrapper.default.getApiUrl();\nconst loginEndpoint = _apiWrapper.default.getLoginEndpoint();\nconst requestBody = {\n  username: user.usernameValid,\n  password: user.passwordValid\n};\ncy.log('REQUEST:');\ncy.log(`URL: POST ${apiUrl}${loginEndpoint}`);\ncy.log(`BODY: ${JSON.stringify(requestBody, null, 2)}`);\ncy.request({\n  method: 'POST',\n  url: `${apiUrl}${loginEndpoint}`,\n  body: requestBody,\n  failOnStatusCode: false\n}).then(response => {\n  cy.log('RESPONSE:');\n  cy.log(`Status: ${response.status}`);\n  cy.log(`HEADERS: ${JSON.stringify(response.headers, null, 2)}`);\n  cy.log(`BODY: ${JSON.stringify(response.body, null, 2)}`);\n  expect(response.status).to.eq(200);\n  expect(response.body).to.have.property('access_token');\n});",
              "err": {},
              "uuid": "58efacfc-45af-4c9c-9d18-9e59ce617a7a",
              "parentUUID": "c42aebb4-0469-493c-9e5a-dbb79e8cd99c",
              "isHook": false,
              "skipped": false
            }
          ],
          "suites": [],
          "passes": [
            "58efacfc-45af-4c9c-9d18-9e59ce617a7a"
          ],
          "failures": [],
          "pending": [],
          "skipped": [],
          "duration": 1365,
          "root": false,
          "rootEmpty": false,
          "_timeout": 2000
        }
      ],
      "passes": [],
      "failures": [],
      "pending": [],
      "skipped": [],
      "duration": 0,
      "root": true,
      "rootEmpty": true,
      "_timeout": 2000
    }
  ],
  "meta": {
    "mocha": {
      "version": "7.2.0"
    },
    "mochawesome": {
      "options": {
        "quiet": false,
        "reportFilename": "report",
        "saveHtml": true,
        "saveJson": true,
        "consoleReporter": "spec",
        "useInlineDiffs": false,
        "code": true
      },
      "version": "7.1.4"
    },
    "marge": {
      "options": {
        "reportDir": "cypress/reports",
        "overwrite": false,
        "html": true,
        "json": true,
        "timestamp": "yyyy-mm-dd_HHMMss",
        "reportFilename": "report",
        "charts": true,
        "code": true,
        "inline": true
      },
      "version": "6.3.2"
    }
  }
}