{
  "stats": {
    "suites": 1,
    "tests": 1,
    "passes": 0,
    "pending": 0,
    "failures": 1,
    "start": "2026-04-17T18:28:33.232Z",
    "end": "2026-04-17T18:28:33.918Z",
    "duration": 686,
    "testsRegistered": 1,
    "passPercent": 0,
    "pendingPercent": 0,
    "other": 0,
    "hasOther": false,
    "skipped": 0,
    "hasSkipped": false
  },
  "results": [
    {
      "uuid": "06449922-847e-49f1-8020-5ed4e495d5d7",
      "title": "",
      "fullFile": "cypress\\e2e\\api\\login.cy.js",
      "file": "cypress\\e2e\\api\\login.cy.js",
      "beforeHooks": [],
      "afterHooks": [],
      "tests": [],
      "suites": [
        {
          "uuid": "da88050f-bce5-432c-9f28-804915f2fff4",
          "title": "Login API - Backend",
          "fullFile": "",
          "file": "",
          "beforeHooks": [],
          "afterHooks": [],
          "tests": [
            {
              "title": "Should login successfully via API",
              "fullTitle": "Login API - Backend Should login successfully via API",
              "timedOut": null,
              "duration": 656,
              "state": "failed",
              "speed": null,
              "pass": false,
              "fail": true,
              "pending": false,
              "context": null,
              "code": "_apiWrapper.default.setEnvironment(environment);\nconst user = _apiWrapper.default.getRootUser();\nconst apiUrl = _apiWrapper.default.getApiUrl();\nconst loginEndpoint = _apiWrapper.default.getLoginEndpoint();\nconst requestBody = {\n  username: user.userRoot,\n  password: user.passwordRoot\n};\ncy.log('REQUEST:');\ncy.log(`URL: POST ${apiUrl}${loginEndpoint}`);\ncy.log(`BODY: ${JSON.stringify(requestBody, null, 2)}`);\ncy.request({\n  method: 'POST',\n  url: `${apiUrl}${loginEndpoint}`,\n  body: requestBody,\n  failOnStatusCode: false\n}).then(response => {\n  cy.log('RESPONSE:');\n  cy.log(`Status: ${response.status}`);\n  cy.log(`HEADERS: ${JSON.stringify(response.headers, null, 2)}`);\n  cy.log(`BODY: ${JSON.stringify(response.body, null, 2)}`);\n  expect(response.status).to.eq(200);\n  expect(response.body).to.have.property('access_token');\n});",
              "err": {
                "message": "CypressError: `cy.request()` failed trying to load:\n\nhttps://api.gateway.dev.mdm-hub.com/api-acl/authentication/login\n\nWe attempted to make an http request to this URL but the request failed without a response.\n\nWe received this error at the network level:\n\n  > Error: getaddrinfo ENOTFOUND api.gateway.dev.mdm-hub.com\n\n-----------------------------------------------------------\n\nThe request we sent was:\n\nMethod: POST\nURL: https://api.gateway.dev.mdm-hub.com/api-acl/authentication/login\n\n-----------------------------------------------------------\n\nCommon situations why this would fail:\n  - you don't have internet access\n  - you forgot to run / boot your web server\n  - your web server isn't accessible\n  - you have weird network configuration settings on your computer\n\nhttps://on.cypress.io/request",
                "estack": "CypressError: `cy.request()` failed trying to load:\n\nhttps://api.gateway.dev.mdm-hub.com/api-acl/authentication/login\n\nWe attempted to make an http request to this URL but the request failed without a response.\n\nWe received this error at the network level:\n\n  > Error: getaddrinfo ENOTFOUND api.gateway.dev.mdm-hub.com\n\n-----------------------------------------------------------\n\nThe request we sent was:\n\nMethod: POST\nURL: https://api.gateway.dev.mdm-hub.com/api-acl/authentication/login\n\n-----------------------------------------------------------\n\nCommon situations why this would fail:\n  - you don't have internet access\n  - you forgot to run / boot your web server\n  - your web server isn't accessible\n  - you have weird network configuration settings on your computer\n\nhttps://on.cypress.io/request\n    at <unknown> (http://localhost:58886/__cypress/runner/cypress_runner.js:136468:70)\n    at tryCatcher (http://localhost:58886/__cypress/runner/cypress_runner.js:1777:23)\n    at <unknown> (http://localhost:58886/__cypress/runner/cypress_runner.js:4173:37)\n    at tryCatcher (http://localhost:58886/__cypress/runner/cypress_runner.js:1777:23)\n    at Promise._settlePromiseFromHandler (http://localhost:58886/__cypress/runner/cypress_runner.js:1489:31)\n    at Promise._settlePromise (http://localhost:58886/__cypress/runner/cypress_runner.js:1546:18)\n    at Promise._settlePromise0 (http://localhost:58886/__cypress/runner/cypress_runner.js:1591:10)\n    at Promise._settlePromises (http://localhost:58886/__cypress/runner/cypress_runner.js:1667:18)\n    at _drainQueueStep (http://localhost:58886/__cypress/runner/cypress_runner.js:2377:12)\n    at _drainQueue (http://localhost:58886/__cypress/runner/cypress_runner.js:2370:9)\n    at Async._drainQueues (http://localhost:58886/__cypress/runner/cypress_runner.js:2386:5)\n    at Async.drainQueues (http://localhost:58886/__cypress/runner/cypress_runner.js:2256:14)\nFrom Your Spec Code:\n    at Context.eval (webpack://cypress-backend-tests/./cypress/e2e/api/login.cy.js:25:11)\n\nFrom Node.js Internals:\n  RequestError: Error: getaddrinfo ENOTFOUND api.gateway.dev.mdm-hub.com\n      at new r (<embedded>:251:169400)\n      at ee.callback (<embedded>:251:175401)\n      at e.callback.s.callback [as _callback] (<embedded>:251:174847)\n      at s._callback.s.callback.s.callback (<embedded>:314:108922)\n      at ee.emit (node:events:519:28)\n      at ee.onRequestError (<embedded>:314:117864)\n      at ClientRequest.emit (node:events:531:35)\n      at emitErrorEvent (node:_http_client:105:11)\n      at TLSSocket.socketErrorListener (node:_http_client:518:5)\n      at TLSSocket.emit (node:events:519:28)\n      at emitErrorNT (node:internal/streams/destroy:170:8)\n      at emitErrorCloseNT (node:internal/streams/destroy:129:3)\n      at process.processTicksAndRejections (node:internal/process/task_queues:90:21)",
                "diff": null
              },
              "uuid": "f7450e54-5de6-41fc-a1df-e95601c24932",
              "parentUUID": "da88050f-bce5-432c-9f28-804915f2fff4",
              "isHook": false,
              "skipped": false
            }
          ],
          "suites": [],
          "passes": [],
          "failures": [
            "f7450e54-5de6-41fc-a1df-e95601c24932"
          ],
          "pending": [],
          "skipped": [],
          "duration": 656,
          "root": false,
          "rootEmpty": false,
          "_timeout": 2000
        }
      ],
      "passes": [],
      "failures": [],
      "pending": [],
      "skipped": [],
      "duration": 0,
      "root": true,
      "rootEmpty": true,
      "_timeout": 2000
    }
  ],
  "meta": {
    "mocha": {
      "version": "7.2.0"
    },
    "mochawesome": {
      "options": {
        "quiet": false,
        "reportFilename": "report",
        "saveHtml": true,
        "saveJson": true,
        "consoleReporter": "spec",
        "useInlineDiffs": false,
        "code": true
      },
      "version": "7.1.4"
    },
    "marge": {
      "options": {
        "reportDir": "cypress/reports",
        "overwrite": false,
        "html": true,
        "json": true,
        "timestamp": "yyyy-mm-dd_HHMMss",
        "reportFilename": "report",
        "charts": true,
        "code": true,
        "inline": true
      },
      "version": "6.3.2"
    }
  }
}