{
  "stats": {
    "suites": 1,
    "tests": 1,
    "passes": 0,
    "pending": 0,
    "failures": 1,
    "start": "2026-04-17T18:32:02.792Z",
    "end": "2026-04-17T18:32:03.727Z",
    "duration": 935,
    "testsRegistered": 1,
    "passPercent": 0,
    "pendingPercent": 0,
    "other": 0,
    "hasOther": false,
    "skipped": 0,
    "hasSkipped": false
  },
  "results": [
    {
      "uuid": "13dd17bd-e881-4208-a6a8-8c42cfcdf7a5",
      "title": "",
      "fullFile": "cypress\\e2e\\api\\login.cy.js",
      "file": "cypress\\e2e\\api\\login.cy.js",
      "beforeHooks": [],
      "afterHooks": [],
      "tests": [],
      "suites": [
        {
          "uuid": "6fc31d9a-d87a-4c82-9370-027b63d7df6c",
          "title": "Login API - Backend",
          "fullFile": "",
          "file": "",
          "beforeHooks": [],
          "afterHooks": [],
          "tests": [
            {
              "title": "Should login successfully via API",
              "fullTitle": "Login API - Backend Should login successfully via API",
              "timedOut": null,
              "duration": 907,
              "state": "failed",
              "speed": null,
              "pass": false,
              "fail": true,
              "pending": false,
              "context": null,
              "code": "_apiWrapper.default.setEnvironment(environment);\nconst user = _apiWrapper.default.getRootUser();\nconst apiUrl = _apiWrapper.default.getApiUrl();\nconst loginEndpoint = _apiWrapper.default.getLoginEndpoint();\nconst requestBody = {\n  username: user.userRoot,\n  password: user.passwordRoot\n};\ncy.log('REQUEST:');\ncy.log(`URL: POST ${apiUrl}${loginEndpoint}`);\ncy.log(`BODY: ${JSON.stringify(requestBody, null, 2)}`);\ncy.request({\n  method: 'POST',\n  url: `${apiUrl}${loginEndpoint}`,\n  body: requestBody,\n  failOnStatusCode: false\n}).then(response => {\n  cy.log('RESPONSE:');\n  cy.log(`Status: ${response.status}`);\n  cy.log(`HEADERS: ${JSON.stringify(response.headers, null, 2)}`);\n  cy.log(`BODY: ${JSON.stringify(response.body, null, 2)}`);\n  expect(response.status).to.eq(200);\n  expect(response.body).to.have.property('access_token');\n});",
              "err": {
                "message": "AssertionError: expected 401 to equal 200",
                "estack": "AssertionError: expected 401 to equal 200\n    at Context.eval (webpack://cypress-backend-tests/./cypress/e2e/api/login.cy.js:36:39)\n    at getRet (http://localhost:61311/__cypress/runner/cypress_runner.js:122799:20)\n    at tryCatcher (http://localhost:61311/__cypress/runner/cypress_runner.js:1777:23)\n    at Promise.attempt.Promise.try (http://localhost:61311/__cypress/runner/cypress_runner.js:4285:29)\n    at Context.thenFn (http://localhost:61311/__cypress/runner/cypress_runner.js:122810:66)\n    at Context.then (http://localhost:61311/__cypress/runner/cypress_runner.js:123061:21)",
                "diff": "- 401\n+ 200\n"
              },
              "uuid": "c8f67533-2912-46a1-a478-e01739e0a63b",
              "parentUUID": "6fc31d9a-d87a-4c82-9370-027b63d7df6c",
              "isHook": false,
              "skipped": false
            }
          ],
          "suites": [],
          "passes": [],
          "failures": [
            "c8f67533-2912-46a1-a478-e01739e0a63b"
          ],
          "pending": [],
          "skipped": [],
          "duration": 907,
          "root": false,
          "rootEmpty": false,
          "_timeout": 2000
        }
      ],
      "passes": [],
      "failures": [],
      "pending": [],
      "skipped": [],
      "duration": 0,
      "root": true,
      "rootEmpty": true,
      "_timeout": 2000
    }
  ],
  "meta": {
    "mocha": {
      "version": "7.2.0"
    },
    "mochawesome": {
      "options": {
        "quiet": false,
        "reportFilename": "report",
        "saveHtml": true,
        "saveJson": true,
        "consoleReporter": "spec",
        "useInlineDiffs": false,
        "code": true
      },
      "version": "7.1.4"
    },
    "marge": {
      "options": {
        "reportDir": "cypress/reports",
        "overwrite": false,
        "html": true,
        "json": true,
        "timestamp": "yyyy-mm-dd_HHMMss",
        "reportFilename": "report",
        "charts": true,
        "code": true,
        "inline": true
      },
      "version": "6.3.2"
    }
  }
}