{
  "stats": {
    "suites": 1,
    "tests": 1,
    "passes": 1,
    "pending": 0,
    "failures": 0,
    "start": "2026-04-17T17:56:52.224Z",
    "end": "2026-04-17T17:56:58.469Z",
    "duration": 6245,
    "testsRegistered": 1,
    "passPercent": 100,
    "pendingPercent": 0,
    "other": 0,
    "hasOther": false,
    "skipped": 0,
    "hasSkipped": false
  },
  "results": [
    {
      "uuid": "fcdffc1c-d855-433c-97d8-4d3c62472ef1",
      "title": "",
      "fullFile": "cypress\\e2e\\api\\login.cy.js",
      "file": "cypress\\e2e\\api\\login.cy.js",
      "beforeHooks": [],
      "afterHooks": [],
      "tests": [],
      "suites": [
        {
          "uuid": "e7e5a623-7736-48b8-812e-a593af38165d",
          "title": "Login API - Backend",
          "fullFile": "",
          "file": "",
          "beforeHooks": [],
          "afterHooks": [],
          "tests": [
            {
              "title": "Should login successfully via API",
              "fullTitle": "Login API - Backend Should login successfully via API",
              "timedOut": null,
              "duration": 6226,
              "state": "passed",
              "speed": "medium",
              "pass": true,
              "fail": false,
              "pending": false,
              "context": null,
              "code": "// Usa o wrapper para pegar o ambiente e usuário\nconst environment = Cypress.env('environment') || 'production';\n_apiWrapper.default.setEnvironment(environment);\nconst config = _apiWrapper.default.getCurrent();\nconst user = _apiWrapper.default.getValidUser();\ncy.request({\n  method: 'POST',\n  url: `${config.apiUrl}${config.loginEndpoint}`,\n  body: {\n    username: user.usernameValid,\n    password: user.passwordValid\n  },\n  failOnStatusCode: false\n}).then(response => {\n  expect(response.status).to.eq(200);\n  expect(response.body).to.have.property('access_token');\n});",
              "err": {},
              "uuid": "b5bee0f2-45a3-4db8-87f6-b2889a5c8988",
              "parentUUID": "e7e5a623-7736-48b8-812e-a593af38165d",
              "isHook": false,
              "skipped": false
            }
          ],
          "suites": [],
          "passes": [
            "b5bee0f2-45a3-4db8-87f6-b2889a5c8988"
          ],
          "failures": [],
          "pending": [],
          "skipped": [],
          "duration": 6226,
          "root": false,
          "rootEmpty": false,
          "_timeout": 2000
        }
      ],
      "passes": [],
      "failures": [],
      "pending": [],
      "skipped": [],
      "duration": 0,
      "root": true,
      "rootEmpty": true,
      "_timeout": 2000
    }
  ],
  "meta": {
    "mocha": {
      "version": "7.2.0"
    },
    "mochawesome": {
      "options": {
        "quiet": false,
        "reportFilename": "report",
        "saveHtml": true,
        "saveJson": true,
        "consoleReporter": "spec",
        "useInlineDiffs": false,
        "code": true
      },
      "version": "7.1.4"
    },
    "marge": {
      "options": {
        "reportDir": "cypress/reports",
        "overwrite": false,
        "html": true,
        "json": true,
        "timestamp": "yyyy-mm-dd_HHMMss",
        "reportFilename": "report",
        "charts": true,
        "code": true,
        "inline": true
      },
      "version": "6.3.2"
    }
  }
}