{
  "stats": {
    "suites": 1,
    "tests": 3,
    "passes": 3,
    "pending": 0,
    "failures": 0,
    "start": "2026-04-17T18:39:44.250Z",
    "end": "2026-04-17T18:39:44.387Z",
    "duration": 137,
    "testsRegistered": 3,
    "passPercent": 100,
    "pendingPercent": 0,
    "other": 0,
    "hasOther": false,
    "skipped": 0,
    "hasSkipped": false
  },
  "results": [
    {
      "uuid": "6638bae4-8646-4792-a055-fd06f7ac0dc9",
      "title": "",
      "fullFile": "cypress\\e2e\\api\\multi-env.cy.js",
      "file": "cypress\\e2e\\api\\multi-env.cy.js",
      "beforeHooks": [],
      "afterHooks": [],
      "tests": [],
      "suites": [
        {
          "uuid": "3eb2416d-8d6c-4c1b-aa4c-b8f768690d12",
          "title": "Multi-Environment Tests",
          "fullFile": "",
          "file": "",
          "beforeHooks": [],
          "afterHooks": [],
          "tests": [
            {
              "title": "Should list all available environments",
              "fullTitle": "Multi-Environment Tests Should list all available environments",
              "timedOut": null,
              "duration": 29,
              "state": "passed",
              "speed": "fast",
              "pass": true,
              "fail": false,
              "pending": false,
              "context": null,
              "code": "const environments = _apiWrapper.default.listEnvironments();\ncy.log(`Available environments: ${environments.join(', ')}`);\nexpect(environments).to.include('production');",
              "err": {},
              "uuid": "e0974f7d-0f97-421b-adfc-a14d261a5239",
              "parentUUID": "3eb2416d-8d6c-4c1b-aa4c-b8f768690d12",
              "isHook": false,
              "skipped": false
            },
            {
              "title": "Should get production config directly",
              "fullTitle": "Multi-Environment Tests Should get production config directly",
              "timedOut": null,
              "duration": 16,
              "state": "passed",
              "speed": "fast",
              "pass": true,
              "fail": false,
              "pending": false,
              "context": null,
              "code": "const prodConfig = _apiWrapper.default.get('production');\nexpect(prodConfig.apiUrl).to.include('gateway');",
              "err": {},
              "uuid": "38978cd1-97a0-4131-a87a-a3062aa4af96",
              "parentUUID": "3eb2416d-8d6c-4c1b-aa4c-b8f768690d12",
              "isHook": false,
              "skipped": false
            },
            {
              "title": "Should switch between environments",
              "fullTitle": "Multi-Environment Tests Should switch between environments",
              "timedOut": null,
              "duration": 10,
              "state": "passed",
              "speed": "fast",
              "pass": true,
              "fail": false,
              "pending": false,
              "context": null,
              "code": "_apiWrapper.default.setEnvironment('hml');\nconst hmlUrl = _apiWrapper.default.getApiUrl();\ncy.log(`HML API URL: ${hmlUrl}`);\nexpect(hmlUrl).to.include('hml');\n_apiWrapper.default.setEnvironment('production');\nconst prodUrl = _apiWrapper.default.getApiUrl();\ncy.log(`Production API URL: ${prodUrl}`);\nexpect(prodUrl).to.include('gateway');",
              "err": {},
              "uuid": "71e157a1-16f6-4175-8241-aeb398b83c5d",
              "parentUUID": "3eb2416d-8d6c-4c1b-aa4c-b8f768690d12",
              "isHook": false,
              "skipped": false
            }
          ],
          "suites": [],
          "passes": [
            "e0974f7d-0f97-421b-adfc-a14d261a5239",
            "38978cd1-97a0-4131-a87a-a3062aa4af96",
            "71e157a1-16f6-4175-8241-aeb398b83c5d"
          ],
          "failures": [],
          "pending": [],
          "skipped": [],
          "duration": 55,
          "root": false,
          "rootEmpty": false,
          "_timeout": 2000
        }
      ],
      "passes": [],
      "failures": [],
      "pending": [],
      "skipped": [],
      "duration": 0,
      "root": true,
      "rootEmpty": true,
      "_timeout": 2000
    }
  ],
  "meta": {
    "mocha": {
      "version": "7.2.0"
    },
    "mochawesome": {
      "options": {
        "quiet": false,
        "reportFilename": "report",
        "saveHtml": true,
        "saveJson": true,
        "consoleReporter": "spec",
        "useInlineDiffs": false,
        "code": true
      },
      "version": "7.1.4"
    },
    "marge": {
      "options": {
        "reportDir": "cypress/reports",
        "overwrite": false,
        "html": true,
        "json": true,
        "timestamp": "yyyy-mm-dd_HHMMss",
        "reportFilename": "report",
        "charts": true,
        "code": true,
        "inline": true
      },
      "version": "6.3.2"
    }
  }
}