{
  "stats": {
    "suites": 1,
    "tests": 3,
    "passes": 3,
    "pending": 0,
    "failures": 0,
    "start": "2026-04-17T17:56:59.546Z",
    "end": "2026-04-17T17:56:59.645Z",
    "duration": 99,
    "testsRegistered": 3,
    "passPercent": 100,
    "pendingPercent": 0,
    "other": 0,
    "hasOther": false,
    "skipped": 0,
    "hasSkipped": false
  },
  "results": [
    {
      "uuid": "5ac82c22-23e8-4b1d-a8a2-1a311f4b62da",
      "title": "",
      "fullFile": "cypress\\e2e\\api\\multi-env.cy.js",
      "file": "cypress\\e2e\\api\\multi-env.cy.js",
      "beforeHooks": [],
      "afterHooks": [],
      "tests": [],
      "suites": [
        {
          "uuid": "c9dd4e42-1ea0-402a-8368-aa9df46c8386",
          "title": "Multi-Environment Tests",
          "fullFile": "",
          "file": "",
          "beforeHooks": [],
          "afterHooks": [],
          "tests": [
            {
              "title": "Should list all available environments",
              "fullTitle": "Multi-Environment Tests Should list all available environments",
              "timedOut": null,
              "duration": 38,
              "state": "passed",
              "speed": "fast",
              "pass": true,
              "fail": false,
              "pending": false,
              "context": null,
              "code": "const environments = _apiWrapper.default.listEnvironments();\ncy.log(`Available environments: ${environments.join(', ')}`);\nexpect(environments).to.include('production');",
              "err": {},
              "uuid": "a64effea-73e1-499e-be60-4437d82c0a76",
              "parentUUID": "c9dd4e42-1ea0-402a-8368-aa9df46c8386",
              "isHook": false,
              "skipped": false
            },
            {
              "title": "Should get production config directly",
              "fullTitle": "Multi-Environment Tests Should get production config directly",
              "timedOut": null,
              "duration": 14,
              "state": "passed",
              "speed": "fast",
              "pass": true,
              "fail": false,
              "pending": false,
              "context": null,
              "code": "const prodConfig = _apiWrapper.default.get('production');\nexpect(prodConfig.apiUrl).to.include('gateway');",
              "err": {},
              "uuid": "8a02fbde-fb21-45fd-84c4-dfe83bd945d3",
              "parentUUID": "c9dd4e42-1ea0-402a-8368-aa9df46c8386",
              "isHook": false,
              "skipped": false
            },
            {
              "title": "Should switch between environments",
              "fullTitle": "Multi-Environment Tests Should switch between environments",
              "timedOut": null,
              "duration": 12,
              "state": "passed",
              "speed": "fast",
              "pass": true,
              "fail": false,
              "pending": false,
              "context": null,
              "code": "_apiWrapper.default.setEnvironment('hml');\nconst hmlUrl = _apiWrapper.default.getApiUrl();\ncy.log(`HML API URL: ${hmlUrl}`);\nexpect(hmlUrl).to.include('hml');\n_apiWrapper.default.setEnvironment('production');\nconst prodUrl = _apiWrapper.default.getApiUrl();\ncy.log(`Production API URL: ${prodUrl}`);\nexpect(prodUrl).to.include('gateway');",
              "err": {},
              "uuid": "4cf8b06b-7035-43db-8818-1f6f500c72f9",
              "parentUUID": "c9dd4e42-1ea0-402a-8368-aa9df46c8386",
              "isHook": false,
              "skipped": false
            }
          ],
          "suites": [],
          "passes": [
            "a64effea-73e1-499e-be60-4437d82c0a76",
            "8a02fbde-fb21-45fd-84c4-dfe83bd945d3",
            "4cf8b06b-7035-43db-8818-1f6f500c72f9"
          ],
          "failures": [],
          "pending": [],
          "skipped": [],
          "duration": 64,
          "root": false,
          "rootEmpty": false,
          "_timeout": 2000
        }
      ],
      "passes": [],
      "failures": [],
      "pending": [],
      "skipped": [],
      "duration": 0,
      "root": true,
      "rootEmpty": true,
      "_timeout": 2000
    }
  ],
  "meta": {
    "mocha": {
      "version": "7.2.0"
    },
    "mochawesome": {
      "options": {
        "quiet": false,
        "reportFilename": "report",
        "saveHtml": true,
        "saveJson": true,
        "consoleReporter": "spec",
        "useInlineDiffs": false,
        "code": true
      },
      "version": "7.1.4"
    },
    "marge": {
      "options": {
        "reportDir": "cypress/reports",
        "overwrite": false,
        "html": true,
        "json": true,
        "timestamp": "yyyy-mm-dd_HHMMss",
        "reportFilename": "report",
        "charts": true,
        "code": true,
        "inline": true
      },
      "version": "6.3.2"
    }
  }
}