{
  "stats": {
    "suites": 1,
    "tests": 1,
    "passes": 1,
    "pending": 0,
    "failures": 0,
    "start": "2026-04-17T18:39:38.909Z",
    "end": "2026-04-17T18:39:40.142Z",
    "duration": 1233,
    "testsRegistered": 1,
    "passPercent": 100,
    "pendingPercent": 0,
    "other": 0,
    "hasOther": false,
    "skipped": 0,
    "hasSkipped": false
  },
  "results": [
    {
      "uuid": "878bc2bc-7f01-44ee-95dd-0e20df1dbf2a",
      "title": "",
      "fullFile": "cypress\\e2e\\api\\login.cy.js",
      "file": "cypress\\e2e\\api\\login.cy.js",
      "beforeHooks": [],
      "afterHooks": [],
      "tests": [],
      "suites": [
        {
          "uuid": "e0833f41-0acb-461a-b41a-6d1ea126caf3",
          "title": "Login API - Backend",
          "fullFile": "",
          "file": "",
          "beforeHooks": [],
          "afterHooks": [],
          "tests": [
            {
              "title": "Should login successfully via API",
              "fullTitle": "Login API - Backend Should login successfully via API",
              "timedOut": null,
              "duration": 1183,
              "state": "passed",
              "speed": "fast",
              "pass": true,
              "fail": false,
              "pending": false,
              "context": null,
              "code": "_apiWrapper.default.setEnvironment(environment);\nconst user = _apiWrapper.default.getRootUser();\nconst apiUrl = _apiWrapper.default.getApiUrl();\nconst loginEndpoint = _apiWrapper.default.getLoginEndpoint();\nconst requestBody = {\n  username: user.usernameValid,\n  password: user.passwordValid\n};\ncy.log('REQUEST:');\ncy.log(`URL: POST ${apiUrl}${loginEndpoint}`);\ncy.log(`BODY: ${JSON.stringify(requestBody, null, 2)}`);\ncy.request({\n  method: 'POST',\n  url: `${apiUrl}${loginEndpoint}`,\n  body: requestBody,\n  failOnStatusCode: false\n}).then(response => {\n  cy.log('RESPONSE:');\n  cy.log(`Status: ${response.status}`);\n  cy.log(`HEADERS: ${JSON.stringify(response.headers, null, 2)}`);\n  cy.log(`BODY: ${JSON.stringify(response.body, null, 2)}`);\n  expect(response.status).to.eq(200);\n  expect(response.body).to.have.property('access_token');\n});",
              "err": {},
              "uuid": "4e08e9a7-0e8e-415a-8a0f-2cc87b5913d7",
              "parentUUID": "e0833f41-0acb-461a-b41a-6d1ea126caf3",
              "isHook": false,
              "skipped": false
            }
          ],
          "suites": [],
          "passes": [
            "4e08e9a7-0e8e-415a-8a0f-2cc87b5913d7"
          ],
          "failures": [],
          "pending": [],
          "skipped": [],
          "duration": 1183,
          "root": false,
          "rootEmpty": false,
          "_timeout": 2000
        }
      ],
      "passes": [],
      "failures": [],
      "pending": [],
      "skipped": [],
      "duration": 0,
      "root": true,
      "rootEmpty": true,
      "_timeout": 2000
    }
  ],
  "meta": {
    "mocha": {
      "version": "7.2.0"
    },
    "mochawesome": {
      "options": {
        "quiet": false,
        "reportFilename": "report",
        "saveHtml": true,
        "saveJson": true,
        "consoleReporter": "spec",
        "useInlineDiffs": false,
        "code": true
      },
      "version": "7.1.4"
    },
    "marge": {
      "options": {
        "reportDir": "cypress/reports",
        "overwrite": false,
        "html": true,
        "json": true,
        "timestamp": "yyyy-mm-dd_HHMMss",
        "reportFilename": "report",
        "charts": true,
        "code": true,
        "inline": true
      },
      "version": "6.3.2"
    }
  }
}